# JRE version: OpenJDK Runtime Environment (8.0_242) (build 1.8.0_242-release-1644-b3-6222593)
# Java VM: OpenJDK 64-Bit Server VM (25.242-b3-6222593 mixed mode linux-amd64 compressed oops)
Heap:
 PSYoungGen      total 411648K, used 39417K [0x00000000d5580000, 0x00000000f1280000, 0x0000000100000000)
  eden space 372224K, 0% used [0x00000000d5580000,0x00000000d5580000,0x00000000ec100000)
  from space 39424K, 99% used [0x00000000ec580000,0x00000000eebfe618,0x00000000eec00000)
  to   space 17920K, 0% used [0x00000000f0100000,0x00000000f0100000,0x00000000f1280000)
 ParOldGen       total 142336K, used 111419K [0x0000000080000000, 0x0000000088b00000, 0x00000000d5580000)
  object space 142336K, 78% used [0x0000000080000000,0x0000000086ccef98,0x0000000088b00000)
 Metaspace       used 94030K, capacity 98134K, committed 98344K, reserved 1134592K
  class space    used 12212K, capacity 13024K, committed 13104K, reserved 1048576K
GC Heap History (10 events):
Event: 325.389 GC heap after
Heap after GC invocations=16 (full 3):
 PSYoungGen      total 212992K, used 16396K [0x00000000d5580000, 0x00000000e9300000, 0x0000000100000000)
  eden space 192512K, 0% used [0x00000000d5580000,0x00000000d5580000,0x00000000e1180000)
  from space 20480K, 80% used [0x00000000e1180000,0x00000000e2183180,0x00000000e2580000)
  to   space 22528K, 0% used [0x00000000e7d00000,0x00000000e7d00000,0x00000000e9300000)
 ParOldGen       total 74752K, used 35050K [0x0000000080000000, 0x0000000084900000, 0x00000000d5580000)
  object space 74752K, 46% used [0x0000000080000000,0x000000008223aa28,0x0000000084900000)
 Metaspace       used 65146K, capacity 67932K, committed 68136K, reserved 1107968K
  class space    used 8889K, capacity 9451K, committed 9520K, reserved 1048576K
}
Event: 329.722 GC heap before
{Heap before GC invocations=17 (full 3):
 PSYoungGen      total 212992K, used 208908K [0x00000000d5580000, 0x00000000e9300000, 0x0000000100000000)
  eden space 192512K, 100% used [0x00000000d5580000,0x00000000e1180000,0x00000000e1180000)
  from space 20480K, 80% used [0x00000000e1180000,0x00000000e2183180,0x00000000e2580000)
  to   space 22528K, 0% used [0x00000000e7d00000,0x00000000e7d00000,0x00000000e9300000)
 ParOldGen       total 74752K, used 35050K [0x0000000080000000, 0x0000000084900000, 0x00000000d5580000)
  object space 74752K, 46% used [0x0000000080000000,0x000000008223aa28,0x0000000084900000)
 Metaspace       used 74925K, capacity 77790K, committed 78120K, reserved 1116160K
  class space    used 10059K, capacity 10678K, committed 10800K, reserved 1048576K
Event: 329.804 GC heap after
Heap after GC invocations=17 (full 3):
 PSYoungGen      total 299520K, used 19385K [0x00000000d5580000, 0x00000000e9400000, 0x0000000100000000)
  eden space 276992K, 0% used [0x00000000d5580000,0x00000000d5580000,0x00000000e6400000)
  from space 22528K, 86% used [0x00000000e7d00000,0x00000000e8fee5c8,0x00000000e9300000)
  to   space 24576K, 0% used [0x00000000e6400000,0x00000000e6400000,0x00000000e7c00000)
 ParOldGen       total 74752K, used 47524K [0x0000000080000000, 0x0000000084900000, 0x00000000d5580000)
  object space 74752K, 63% used [0x0000000080000000,0x0000000082e692e8,0x0000000084900000)
 Metaspace       used 74925K, capacity 77790K, committed 78120K, reserved 1116160K
  class space    used 10059K, capacity 10678K, committed 10800K, reserved 1048576K
}
Event: 334.219 GC heap before
{Heap before GC invocations=18 (full 3):
 PSYoungGen      total 299520K, used 296377K [0x00000000d5580000, 0x00000000e9400000, 0x0000000100000000)
  eden space 276992K, 100% used [0x00000000d5580000,0x00000000e6400000,0x00000000e6400000)
  from space 22528K, 86% used [0x00000000e7d00000,0x00000000e8fee5c8,0x00000000e9300000)
  to   space 24576K, 0% used [0x00000000e6400000,0x00000000e6400000,0x00000000e7c00000)
 ParOldGen       total 74752K, used 47524K [0x0000000080000000, 0x0000000084900000, 0x00000000d5580000)
  object space 74752K, 63% used [0x0000000080000000,0x0000000082e692e8,0x0000000084900000)
 Metaspace       used 85690K, capacity 89686K, committed 89896K, reserved 1126400K
  class space    used 11468K, capacity 12268K, committed 12336K, reserved 1048576K
Event: 334.339 GC heap after
Heap after GC invocations=18 (full 3):
 PSYoungGen      total 301568K, used 24555K [0x00000000d5580000, 0x00000000f2900000, 0x0000000100000000)
  eden space 276992K, 0% used [0x00000000d5580000,0x00000000d5580000,0x00000000e6400000)
  from space 24576K, 99% used [0x00000000e6400000,0x00000000e7bfac28,0x00000000e7c00000)
  to   space 40960K, 0% used [0x00000000f0100000,0x00000000f0100000,0x00000000f2900000)
 ParOldGen       total 80896K, used 80557K [0x0000000080000000, 0x0000000084f00000, 0x00000000d5580000)
  object space 80896K, 99% used [0x0000000080000000,0x0000000084eab458,0x0000000084f00000)
 Metaspace       used 85690K, capacity 89686K, committed 89896K, reserved 1126400K
  class space    used 11468K, capacity 12268K, committed 12336K, reserved 1048576K
}
Event: 334.342 GC heap before
{Heap before GC invocations=19 (full 4):
 PSYoungGen      total 301568K, used 24555K [0x00000000d5580000, 0x00000000f2900000, 0x0000000100000000)
  eden space 276992K, 0% used [0x00000000d5580000,0x00000000d5580000,0x00000000e6400000)
  from space 24576K, 99% used [0x00000000e6400000,0x00000000e7bfac28,0x00000000e7c00000)
  to   space 40960K, 0% used [0x00000000f0100000,0x00000000f0100000,0x00000000f2900000)
 ParOldGen       total 80896K, used 80557K [0x0000000080000000, 0x0000000084f00000, 0x00000000d5580000)
  object space 80896K, 99% used [0x0000000080000000,0x0000000084eab458,0x0000000084f00000)
 Metaspace       used 85690K, capacity 89686K, committed 89896K, reserved 1126400K
  class space    used 11468K, capacity 12268K, committed 12336K, reserved 1048576K
Event: 334.898 GC heap after
Heap after GC invocations=19 (full 4):
 PSYoungGen      total 301568K, used 15313K [0x00000000d5580000, 0x00000000f2900000, 0x0000000100000000)
  eden space 276992K, 0% used [0x00000000d5580000,0x00000000d5580000,0x00000000e6400000)
  from space 24576K, 62% used [0x00000000e6400000,0x00000000e72f45e8,0x00000000e7c00000)
  to   space 40960K, 0% used [0x00000000f0100000,0x00000000f0100000,0x00000000f2900000)
 ParOldGen       total 142336K, used 80657K [0x0000000080000000, 0x0000000088b00000, 0x00000000d5580000)
  object space 142336K, 56% used [0x0000000080000000,0x0000000084ec4760,0x0000000088b00000)
 Metaspace       used 85468K, capacity 89086K, committed 89896K, reserved 1126400K
  class space    used 11393K, capacity 12138K, committed 12336K, reserved 1048576K
}
Event: 3505.874 GC heap before
{Heap before GC invocations=20 (full 4):
 PSYoungGen      total 301568K, used 292305K [0x00000000d5580000, 0x00000000f2900000, 0x0000000100000000)
  eden space 276992K, 100% used [0x00000000d5580000,0x00000000e6400000,0x00000000e6400000)
  from space 24576K, 62% used [0x00000000e6400000,0x00000000e72f45e8,0x00000000e7c00000)
  to   space 40960K, 0% used [0x00000000f0100000,0x00000000f0100000,0x00000000f2900000)
 ParOldGen       total 142336K, used 80657K [0x0000000080000000, 0x0000000088b00000, 0x00000000d5580000)
  object space 142336K, 56% used [0x0000000080000000,0x0000000084ec4760,0x0000000088b00000)
 Metaspace       used 92972K, capacity 97010K, committed 97320K, reserved 1134592K
  class space    used 12199K, capacity 12986K, committed 13104K, reserved 1048576K
Event: 3507.404 GC heap after
Heap after GC invocations=20 (full 4):
 PSYoungGen      total 390144K, used 17702K [0x00000000d5580000, 0x00000000f1280000, 0x0000000100000000)
  eden space 372224K, 0% used [0x00000000d5580000,0x00000000d5580000,0x00000000ec100000)
  from space 17920K, 98% used [0x00000000f0100000,0x00000000f1249a48,0x00000000f1280000)
  to   space 39424K, 0% used [0x00000000ec580000,0x00000000ec580000,0x00000000eec00000)
 ParOldGen       total 142336K, used 90474K [0x0000000080000000, 0x0000000088b00000, 0x00000000d5580000)
  object space 142336K, 63% used [0x0000000080000000,0x000000008585ab68,0x0000000088b00000)
 Metaspace       used 92972K, capacity 97010K, committed 97320K, reserved 1134592K
  class space    used 12199K, capacity 12986K, committed 13104K, reserved 1048576K
}
Event: 3529.549 GC heap before
{Heap before GC invocations=21 (full 4):
 PSYoungGen      total 390144K, used 389926K [0x00000000d5580000, 0x00000000f1280000, 0x0000000100000000)
  eden space 372224K, 100% used [0x00000000d5580000,0x00000000ec100000,0x00000000ec100000)
  from space 17920K, 98% used [0x00000000f0100000,0x00000000f1249a48,0x00000000f1280000)
  to   space 39424K, 0% used [0x00000000ec580000,0x00000000ec580000,0x00000000eec00000)
 ParOldGen       total 142336K, used 90474K [0x0000000080000000, 0x0000000088b00000, 0x00000000d5580000)
  object space 142336K, 63% used [0x0000000080000000,0x000000008585ab68,0x0000000088b00000)
 Metaspace       used 94030K, capacity 98134K, committed 98344K, reserved 1134592K
  class space    used 12212K, capacity 13024K, committed 13104K, reserved 1048576K

